C51 COMPILER V9.60.0.0   DRIVER_KEYPAD                                                     02/06/2024 09:35:14 PAGE 1   


C51 COMPILER V9.60.0.0, COMPILATION OF MODULE DRIVER_KEYPAD
OBJECT MODULE PLACED IN .\Objects\driver_keypad.obj
COMPILER INVOKED BY: C:\Keil_v5\C51\BIN\C51.EXE driver_keypad.c OPTIMIZE(8,SPEED) BROWSE DEBUG OBJECTEXTEND PRINT(.\List
                    -ings\driver_keypad.lst) TABS(2) OBJECT(.\Objects\driver_keypad.obj)

line level    source

   1          #include<reg51.h>
   2          #include"header.h"
   3          sbit c0=P1^0;
   4          sbit c1=P1^1;
   5          sbit c2=P1^2;
   6          sbit c3=P1^3;
   7          sbit r0=P1^4;
   8          sbit r1=P1^5;
   9          sbit r2=P1^6;
  10          sbit r3=P1^7;
  11          char row_val,col_val;
  12          char code Key_Val[][4]={'7','8','9','/',
  13                                  '4','5','6','*',
  14                                  '1','2','3','-',
  15                                  '!','0','=','+'};
  16          void Row_Init(void)
  17          {
  18   1        r0=r1=r2=r3=0;
  19   1        c0=c1=c2=c3=1;
  20   1      }
  21          char KeyValue(void)
  22          {
  23   1        Row_Init();
  24   1        while((c0&c1&c2&c3));//waiting for key Pressing
  25   1      
  26   1        r0=0;r1=r2=r3=1;
  27   1        if(!(c0&c1&c2&c3))
  28   1        {
  29   2          row_val=0;  
  30   2          goto col_check;     
  31   2        }
  32   1        r1=0;r0=r2=r3=1;
  33   1        if(!(c0&c1&c2&c3))
  34   1        {
  35   2          row_val=1;  
  36   2          goto col_check;   
  37   2        }
  38   1        r2=0;r0=r1=r3=1;
  39   1        if(!(c0&c1&c2&c3))
  40   1        {
  41   2          row_val=2;  
  42   2          goto col_check;   
  43   2        }
  44   1        r3=0;r0=r1=r2=1;
  45   1        if(!(c0&c1&c2&c3))
  46   1          row_val=3;  
  47   1          
  48   1      col_check:
  49   1        if(c0==0)
  50   1          col_val=0;
  51   1        else if(c1==0)
  52   1          col_val=1;
  53   1        else if(c2==0)
  54   1          col_val=2;
C51 COMPILER V9.60.0.0   DRIVER_KEYPAD                                                     02/06/2024 09:35:14 PAGE 2   

  55   1        else  
  56   1          col_val=3;
  57   1        while(!(c0&c1&c2&c3));//waiting for key release
  58   1        delay_ms(100);
  59   1        return(Key_Val[row_val][col_val]);
  60   1      }


MODULE INFORMATION:   STATIC OVERLAYABLE
   CODE SIZE        =    211    ----
   CONSTANT SIZE    =     16    ----
   XDATA SIZE       =   ----    ----
   PDATA SIZE       =   ----    ----
   DATA SIZE        =      2    ----
   IDATA SIZE       =   ----    ----
   BIT SIZE         =   ----    ----
END OF MODULE INFORMATION.


C51 COMPILATION COMPLETE.  0 WARNING(S),  0 ERROR(S)
