C51 COMPILER V9.60.0.0   LCD_DR                                                            02/06/2024 09:35:14 PAGE 1   


C51 COMPILER V9.60.0.0, COMPILATION OF MODULE LCD_DR
OBJECT MODULE PLACED IN .\Objects\LCD_DR.obj
COMPILER INVOKED BY: C:\Keil_v5\C51\BIN\C51.EXE LCD_DR.C OPTIMIZE(8,SPEED) BROWSE DEBUG OBJECTEXTEND PRINT(.\Listings\LC
                    -D_DR.lst) TABS(2) OBJECT(.\Objects\LCD_DR.obj)

line level    source

   1          #include<reg51.h>
   2          #include"header.h"
   3          #define LCD_DAT P0
   4          sbit rs=P2^0;
   5          sbit rw=P2^1;
   6          sbit en=P2^2;
   7          void LCD_Init(void)
   8          {
   9   1        delay_ms(16);
  10   1          Write_CMD_LCD(0x30);
  11   1          delay_ms(6);
  12   1          Write_CMD_LCD(0x30);
  13   1          delay_ms(1);
  14   1          Write_CMD_LCD(0x30);
  15   1          delay_ms(1);
  16   1          Write_CMD_LCD(0x38);//set 8-bit mode of operation with 2 lines
  17   1          Write_CMD_LCD(0x10);//Turning OFF the display
  18   1          Write_CMD_LCD(0x01);//clearing the display
  19   1          Write_CMD_LCD(0x06);//Shifting the cursor to the right side
  20   1                              //after writing each byte onto the display
  21   1        Write_CMD_LCD(0x0f);//Enabling the display with blinking cursor
  22   1      
  23   1      }
  24          void Write_CMD_LCD(char cmd)
  25          {
  26   1          rs=0;
  27   1        Write_LCD(cmd);
  28   1      }
  29          void Write_DAT_LCD(char dat)
  30          {
  31   1        rs=1;
  32   1        Write_LCD(dat);
  33   1      }
  34          void Write_LCD(char ch)
  35          {
  36   1        rw=0;
  37   1        LCD_DAT=ch;
  38   1        en=1;
  39   1        en=0;
  40   1        delay_ms(2);
  41   1      }
  42          void Write_str_LCD(char *p)
  43          {
  44   1        while(*p)
  45   1        {
  46   2          Write_DAT_LCD(*p);  
  47   2          p++;
  48   2        }
  49   1      }
  50          
  51          void Write_int_LCD(signed int n)
  52          {
  53   1        char a[10],i=0;
  54   1        if(n==0)
C51 COMPILER V9.60.0.0   LCD_DR                                                            02/06/2024 09:35:14 PAGE 2   

  55   1          Write_DAT_LCD('0');
  56   1          if(n<0)
  57   1        {
  58   2          Write_DAT_LCD('-');
  59   2          n=-n;
  60   2        }
  61   1        do                       
  62   1        {
  63   2          a[i++]=n%10+48; 
  64   2          n=n/10;
  65   2        }while(n);
  66   1          for(i;i>0;i--)
  67   1          Write_DAT_LCD(a[i-1]);
  68   1      }


MODULE INFORMATION:   STATIC OVERLAYABLE
   CODE SIZE        =    249    ----
   CONSTANT SIZE    =   ----    ----
   XDATA SIZE       =   ----    ----
   PDATA SIZE       =   ----    ----
   DATA SIZE        =   ----      16
   IDATA SIZE       =   ----    ----
   BIT SIZE         =   ----    ----
END OF MODULE INFORMATION.


C51 COMPILATION COMPLETE.  0 WARNING(S),  0 ERROR(S)
