C51 COMPILER V9.60.0.0   MAIN_DR                                                           02/06/2024 09:35:14 PAGE 1   


C51 COMPILER V9.60.0.0, COMPILATION OF MODULE MAIN_DR
OBJECT MODULE PLACED IN .\Objects\MAIN_DR.obj
COMPILER INVOKED BY: C:\Keil_v5\C51\BIN\C51.EXE MAIN_DR.C OPTIMIZE(8,SPEED) BROWSE DEBUG OBJECTEXTEND PRINT(.\Listings\M
                    -AIN_DR.lst) TABS(2) OBJECT(.\Objects\MAIN_DR.obj)

line level    source

   1          #include<reg51.h>
   2          #include"header.h"
   3          extern u8 i_flag;
   4          main()
   5          {
   6   1         unsigned char *ptr,*ptr1,secs;
   7   1         secs=i2cDevRandomRead(0xd0,0x00);
   8   1         if(secs==1)  i2cDevByteWrite(0xd0,0x00,(0<<7));
   9   1         LCD_Init();
  10   1         EA=EX0=1;
  11   1         IT0=1;
  12   1         Write_CMD_LCD(0x0c);
  13   1         Write_CMD_LCD(0xC3);
  14   1         Write_str_LCD(" RTC TIME EDIT");
  15   1         Write_CMD_LCD(0x9A);
  16   1         Write_str_LCD(" PROJECT");
  17   1         delay_ms(1000);
  18   1         Write_CMD_LCD(0x01);
  19   1         Write_CMD_LCD(0x85);
  20   1         Write_str_LCD(" HH:MM:SS");
  21   1          Write_CMD_LCD(0x99);
  22   1         Write_str_LCD(" DD/MM/YEAR");
  23   1      
  24   1         while(1)
  25   1         {
  26   2           
  27   2         ptr=getTime();
  28   2         Write_CMD_LCD(0xC6);
  29   2         Write_str_LCD(ptr);
  30   2         ptr1=getdate();
  31   2         Write_CMD_LCD(0xdA);
  32   2         Write_str_LCD(ptr1);
  33   2         
  34   2         if(i_flag==1)
  35   2         {
  36   3          i_flag=0;
  37   3          rtc_edit();
  38   3         }
  39   2        }
  40   1      }
  41          
  42          
  43          
  44          
  45          
  46          
  47          
  48          
  49          
  50          
  51          
  52          
  53          
  54          
C51 COMPILER V9.60.0.0   MAIN_DR                                                           02/06/2024 09:35:14 PAGE 2   

  55          
  56          
  57          
  58          
  59          
  60          
  61          
  62          
  63          
  64          
  65          
  66          
  67          
  68          
  69          /*#include<reg51.h>
  70          #include"header.h"
  71          extern u8 i_flag;
  72          main()
  73          {
  74             unsigned char *ptr;
  75             LCD_Init();
  76             EA=EX0=1;
  77             IT0=1;
  78             Write_CMD_LCD(0x0c);
  79             Write_CMD_LCD(0xC3);
  80             Write_str_LCD(" RTC TIME EDIT");
  81             Write_CMD_LCD(0x9A);
  82             Write_str_LCD(" PROJECT");
  83             delay_ms(1000);
  84             Write_CMD_LCD(0x01);
  85             Write_CMD_LCD(0xC5);
  86             Write_str_LCD(" RTC TIME");
  87             while(1)
  88             {
  89               ptr=getTime();
  90             Write_CMD_LCD(0x9A);
  91             Write_str_LCD(ptr);
  92             
  93             if(i_flag==1)
  94             {
  95              i_flag=0;
  96              rtc_edit();
  97             }
  98             
  99             
 100            }
 101          }*/


MODULE INFORMATION:   STATIC OVERLAYABLE
   CODE SIZE        =    160    ----
   CONSTANT SIZE    =     46    ----
   XDATA SIZE       =   ----    ----
   PDATA SIZE       =   ----    ----
   DATA SIZE        =   ----       6
   IDATA SIZE       =   ----    ----
   BIT SIZE         =   ----    ----
END OF MODULE INFORMATION.


C51 COMPILATION COMPLETE.  0 WARNING(S),  0 ERROR(S)
